<?xml version="1.0" encoding="UTF-8"?>
<TestRun id="773df79b-abed-47c8-b768-b671688819df" name="User1@DESKTOP-APQCO7P 2017-04-09 20:41:24" runUser="DESKTOP-APQCO7P\User1" xmlns="http://microsoft.com/schemas/VisualStudio/TeamTest/2010">
  <TestSettings name="Default Test Settings" id="c12eb066-e3ba-4bdc-8468-d288ce50e729">
    <Execution>
      <TestTypeSpecific />
      <AgentRule name="Execution Agents">
      </AgentRule>
    </Execution>
    <Deployment runDeploymentRoot="User1_DESKTOP-APQCO7P 2017-04-09 20_41_24" />
    <Properties />
  </TestSettings>
  <Times creation="2017-04-09T20:41:24.1579255-05:00" queuing="2017-04-09T20:41:24.5286585-05:00" start="2017-04-09T20:41:24.5916848-05:00" finish="2017-04-09T20:41:24.9812608-05:00" />
  <ResultSummary outcome="Completed">
    <Counters total="1" executed="1" passed="1" error="0" failed="0" timeout="0" aborted="0" inconclusive="0" passedButRunAborted="0" notRunnable="0" notExecuted="0" disconnected="0" warning="0" completed="0" inProgress="0" pending="0" />
  </ResultSummary>
  <TestDefinitions>
    <UnitTest name="TestMethod1" storage="helloworldtests/bin/debug/helloworldtests.dll" id="5e31dd07-94a6-154a-c432-42c66e0a0486">
      <Execution id="fc547f95-eb4d-465b-8e46-e550b6810042" />
      <TestMethod codeBase="C:/Users/User1/Documents/Visual Studio 2017/Projects/HelloWorld/HelloWorldTests/bin/debug/HelloWorldTests.DLL" adapterTypeName="Microsoft.VisualStudio.TestTools.TestTypes.Unit.UnitTestAdapter, Microsoft.VisualStudio.QualityTools.Tips.UnitTest.Adapter, Version=15.0.0.0, Culture=neutral, PublicKeyToken=b03f5f7f11d50a3a" className="HelloWorldTests.UnitTest1, HelloWorldTests, Version=1.0.0.0, Culture=neutral, PublicKeyToken=null" name="TestMethod1" />
    </UnitTest>
  </TestDefinitions>
  <TestLists>
    <TestList name="Results Not in a List" id="8c84fa94-04c1-424b-9868-57a2d4851a1d" />
    <TestList name="All Loaded Results" id="19431567-8539-422a-85d7-44ee4e166bda" />
  </TestLists>
  <TestEntries>
    <TestEntry testId="5e31dd07-94a6-154a-c432-42c66e0a0486" executionId="fc547f95-eb4d-465b-8e46-e550b6810042" testListId="8c84fa94-04c1-424b-9868-57a2d4851a1d" />
  </TestEntries>
  <Results>
    <UnitTestResult executionId="fc547f95-eb4d-465b-8e46-e550b6810042" testId="5e31dd07-94a6-154a-c432-42c66e0a0486" testName="TestMethod1" computerName="DESKTOP-APQCO7P" duration="00:00:00.0174113" startTime="2017-04-09T20:41:24.6357342-05:00" endTime="2017-04-09T20:41:24.9372908-05:00" testType="13cdc9d9-ddb5-4fa4-a97d-d965ccfc6d4b" outcome="Passed" testListId="8c84fa94-04c1-424b-9868-57a2d4851a1d" relativeResultsDirectory="fc547f95-eb4d-465b-8e46-e550b6810042">
    </UnitTestResult>
  </Results>
</TestRun>